<?xml version="1.0" encoding="UTF-8"?>
<!-- Generated by org.testng.reporters.JUnitReportReporter -->
<testsuite hostname="LAPTOP-89JS31LT" failures="0" tests="1" name="org.pop.TestNgConcept" time="9.816" errors="0" timestamp="2021-09-07T20:55:11 IST" skipped="0">
  <testcase classname="org.pop.TestNgConcept" name="tc1" time="9.816"/>
  <system-out/>
</testsuite> <!-- org.pop.TestNgConcept -->
